# JRE version: OpenJDK Runtime Environment (8.0_141-b15) (build 1.8.0_141-8u141-b15-1~deb9u1-b15)
# Java VM: OpenJDK 64-Bit Server VM (25.141-b15 mixed mode linux-amd64 compressed oops)
Heap:
 def new generation   total 3072K, used 3071K [0x00000000f6a00000, 0x00000000f6d50000, 0x00000000f9c00000)
  eden space 2752K, 100% used [0x00000000f6a00000, 0x00000000f6cb0000, 0x00000000f6cb0000)
  from space 320K,  99% used [0x00000000f6d00000, 0x00000000f6d4fff0, 0x00000000f6d50000)
  to   space 320K,   0% used [0x00000000f6cb0000, 0x00000000f6cb0000, 0x00000000f6d00000)
 tenured generation   total 6848K, used 4602K [0x00000000f9c00000, 0x00000000fa2b0000, 0x0000000100000000)
   the space 6848K,  67% used [0x00000000f9c00000, 0x00000000fa07ebf8, 0x00000000fa07ec00, 0x00000000fa2b0000)
 Metaspace       used 13412K, capacity 13584K, committed 13696K, reserved 1060864K
  class space    used 2306K, capacity 2374K, committed 2432K, reserved 1048576K
GC Heap History (10 events):
Event: 2.804 GC heap before
{Heap before GC invocations=8 (full 0):
 def new generation   total 3072K, used 3071K [0x00000000f6a00000, 0x00000000f6d50000, 0x00000000f9c00000)
  eden space 2752K,  99% used [0x00000000f6a00000, 0x00000000f6cafff0, 0x00000000f6cb0000)
  from space 320K,  99% used [0x00000000f6cb0000, 0x00000000f6cffff0, 0x00000000f6d00000)
  to   space 320K,   0% used [0x00000000f6d00000, 0x00000000f6d00000, 0x00000000f6d50000)
 tenured generation   total 6848K, used 2494K [0x00000000f9c00000, 0x00000000fa2b0000, 0x0000000100000000)
   the space 6848K,  36% used [0x00000000f9c00000, 0x00000000f9e6f840, 0x00000000f9e6fa00, 0x00000000fa2b0000)
 Metaspace       used 10058K, capacity 10256K, committed 10496K, reserved 1058816K
  class space    used 1660K, capacity 1734K, committed 1792K, reserved 1048576K
Event: 2.807 GC heap after
Heap after GC invocations=9 (full 0):
 def new generation   total 3072K, used 320K [0x00000000f6a00000, 0x00000000f6d50000, 0x00000000f9c00000)
  eden space 2752K,   0% used [0x00000000f6a00000, 0x00000000f6a00000, 0x00000000f6cb0000)
  from space 320K, 100% used [0x00000000f6d00000, 0x00000000f6d50000, 0x00000000f6d50000)
  to   space 320K,   0% used [0x00000000f6cb0000, 0x00000000f6cb0000, 0x00000000f6d00000)
 tenured generation   total 6848K, used 2978K [0x00000000f9c00000, 0x00000000fa2b0000, 0x0000000100000000)
   the space 6848K,  43% used [0x00000000f9c00000, 0x00000000f9ee8be0, 0x00000000f9ee8c00, 0x00000000fa2b0000)
 Metaspace       used 10058K, capacity 10256K, committed 10496K, reserved 1058816K
  class space    used 1660K, capacity 1734K, committed 1792K, reserved 1048576K
}
Event: 2.881 GC heap before
{Heap before GC invocations=9 (full 0):
 def new generation   total 3072K, used 3072K [0x00000000f6a00000, 0x00000000f6d50000, 0x00000000f9c00000)
  eden space 2752K, 100% used [0x00000000f6a00000, 0x00000000f6cb0000, 0x00000000f6cb0000)
  from space 320K, 100% used [0x00000000f6d00000, 0x00000000f6d50000, 0x00000000f6d50000)
  to   space 320K,   0% used [0x00000000f6cb0000, 0x00000000f6cb0000, 0x00000000f6d00000)
 tenured generation   total 6848K, used 2978K [0x00000000f9c00000, 0x00000000fa2b0000, 0x0000000100000000)
   the space 6848K,  43% used [0x00000000f9c00000, 0x00000000f9ee8be0, 0x00000000f9ee8c00, 0x00000000fa2b0000)
 Metaspace       used 10544K, capacity 10768K, committed 10880K, reserved 1058816K
  class space    used 1777K, capacity 1862K, committed 1920K, reserved 1048576K
Event: 2.884 GC heap after
Heap after GC invocations=10 (full 0):
 def new generation   total 3072K, used 319K [0x00000000f6a00000, 0x00000000f6d50000, 0x00000000f9c00000)
  eden space 2752K,   0% used [0x00000000f6a00000, 0x00000000f6a00000, 0x00000000f6cb0000)
  from space 320K,  99% used [0x00000000f6cb0000, 0x00000000f6cffff0, 0x00000000f6d00000)
  to   space 320K,   0% used [0x00000000f6d00000, 0x00000000f6d00000, 0x00000000f6d50000)
 tenured generation   total 6848K, used 3346K [0x00000000f9c00000, 0x00000000fa2b0000, 0x0000000100000000)
   the space 6848K,  48% used [0x00000000f9c00000, 0x00000000f9f44938, 0x00000000f9f44a00, 0x00000000fa2b0000)
 Metaspace       used 10544K, capacity 10768K, committed 10880K, reserved 1058816K
  class space    used 1777K, capacity 1862K, committed 1920K, reserved 1048576K
}
Event: 3.726 GC heap before
{Heap before GC invocations=10 (full 0):
 def new generation   total 3072K, used 3071K [0x00000000f6a00000, 0x00000000f6d50000, 0x00000000f9c00000)
  eden space 2752K, 100% used [0x00000000f6a00000, 0x00000000f6cb0000, 0x00000000f6cb0000)
  from space 320K,  99% used [0x00000000f6cb0000, 0x00000000f6cffff0, 0x00000000f6d00000)
  to   space 320K,   0% used [0x00000000f6d00000, 0x00000000f6d00000, 0x00000000f6d50000)
 tenured generation   total 6848K, used 3346K [0x00000000f9c00000, 0x00000000fa2b0000, 0x0000000100000000)
   the space 6848K,  48% used [0x00000000f9c00000, 0x00000000f9f44938, 0x00000000f9f44a00, 0x00000000fa2b0000)
 Metaspace       used 12093K, capacity 12336K, committed 12672K, reserved 1060864K
  class space    used 2019K, capacity 2086K, committed 2176K, reserved 1048576K
Event: 3.729 GC heap after
Heap after GC invocations=11 (full 0):
 def new generation   total 3072K, used 320K [0x00000000f6a00000, 0x00000000f6d50000, 0x00000000f9c00000)
  eden space 2752K,   0% used [0x00000000f6a00000, 0x00000000f6a00000, 0x00000000f6cb0000)
  from space 320K, 100% used [0x00000000f6d00000, 0x00000000f6d50000, 0x00000000f6d50000)
  to   space 320K,   0% used [0x00000000f6cb0000, 0x00000000f6cb0000, 0x00000000f6d00000)
 tenured generation   total 6848K, used 3838K [0x00000000f9c00000, 0x00000000fa2b0000, 0x0000000100000000)
   the space 6848K,  56% used [0x00000000f9c00000, 0x00000000f9fbf938, 0x00000000f9fbfa00, 0x00000000fa2b0000)
 Metaspace       used 12093K, capacity 12336K, committed 12672K, reserved 1060864K
  class space    used 2019K, capacity 2086K, committed 2176K, reserved 1048576K
}
Event: 3.827 GC heap before
{Heap before GC invocations=11 (full 0):
 def new generation   total 3072K, used 3033K [0x00000000f6a00000, 0x00000000f6d50000, 0x00000000f9c00000)
  eden space 2752K,  98% used [0x00000000f6a00000, 0x00000000f6ca64c8, 0x00000000f6cb0000)
  from space 320K, 100% used [0x00000000f6d00000, 0x00000000f6d50000, 0x00000000f6d50000)
  to   space 320K,   0% used [0x00000000f6cb0000, 0x00000000f6cb0000, 0x00000000f6d00000)
 tenured generation   total 6848K, used 3838K [0x00000000f9c00000, 0x00000000fa2b0000, 0x0000000100000000)
   the space 6848K,  56% used [0x00000000f9c00000, 0x00000000f9fbf938, 0x00000000f9fbfa00, 0x00000000fa2b0000)
 Metaspace       used 12633K, capacity 12880K, committed 13056K, reserved 1060864K
  class space    used 2118K, capacity 2182K, committed 2304K, reserved 1048576K
Event: 3.830 GC heap after
Heap after GC invocations=12 (full 0):
 def new generation   total 3072K, used 319K [0x00000000f6a00000, 0x00000000f6d50000, 0x00000000f9c00000)
  eden space 2752K,   0% used [0x00000000f6a00000, 0x00000000f6a00000, 0x00000000f6cb0000)
  from space 320K,  99% used [0x00000000f6cb0000, 0x00000000f6cffff8, 0x00000000f6d00000)
  to   space 320K,   0% used [0x00000000f6d00000, 0x00000000f6d00000, 0x00000000f6d50000)
 tenured generation   total 6848K, used 4276K [0x00000000f9c00000, 0x00000000fa2b0000, 0x0000000100000000)
   the space 6848K,  62% used [0x00000000f9c00000, 0x00000000fa02d020, 0x00000000fa02d200, 0x00000000fa2b0000)
 Metaspace       used 12633K, capacity 12880K, committed 13056K, reserved 1060864K
  class space    used 2118K, capacity 2182K, committed 2304K, reserved 1048576K
}
Event: 3.936 GC heap before
{Heap before GC invocations=12 (full 0):
 def new generation   total 3072K, used 3071K [0x00000000f6a00000, 0x00000000f6d50000, 0x00000000f9c00000)
  eden space 2752K, 100% used [0x00000000f6a00000, 0x00000000f6cb0000, 0x00000000f6cb0000)
  from space 320K,  99% used [0x00000000f6cb0000, 0x00000000f6cffff8, 0x00000000f6d00000)
  to   space 320K,   0% used [0x00000000f6d00000, 0x00000000f6d00000, 0x00000000f6d50000)
 tenured generation   total 6848K, used 4276K [0x00000000f9c00000, 0x00000000fa2b0000, 0x0000000100000000)
   the space 6848K,  62% used [0x00000000f9c00000, 0x00000000fa02d020, 0x00000000fa02d200, 0x00000000fa2b0000)
 Metaspace       used 13080K, capacity 13296K, committed 13568K, reserved 1060864K
  class space    used 2214K, capacity 2278K, committed 2304K, reserved 1048576K
Event: 3.938 GC heap after
Heap after GC invocations=13 (full 0):
 def new generation   total 3072K, used 319K [0x00000000f6a00000, 0x00000000f6d50000, 0x00000000f9c00000)
  eden space 2752K,   0% used [0x00000000f6a00000, 0x00000000f6a00000, 0x00000000f6cb0000)
  from space 320K,  99% used [0x00000000f6d00000, 0x00000000f6d4fff0, 0x00000000f6d50000)
  to   space 320K,   0% used [0x00000000f6cb0000, 0x00000000f6cb0000, 0x00000000f6d00000)
 tenured generation   total 6848K, used 4602K [0x00000000f9c00000, 0x00000000fa2b0000, 0x0000000100000000)
   the space 6848K,  67% used [0x00000000f9c00000, 0x00000000fa07ebf8, 0x00000000fa07ec00, 0x00000000fa2b0000)
 Metaspace       used 13080K, capacity 13296K, committed 13568K, reserved 1060864K
  class space    used 2214K, capacity 2278K, committed 2304K, reserved 1048576K
}

